[27/Jun/2017 13:08:30] DEBUG [django.db.backends:91] (0.016) 
            SELECT name, type FROM sqlite_master
            WHERE type in ('table', 'view') AND NOT name='sqlite_sequence'
            ORDER BY name; args=None
[27/Jun/2017 13:08:30] DEBUG [django.db.backends:91] (0.000) SELECT "django_migrations"."app", "django_migrations"."name" FROM "django_migrations"; args=()
[27/Jun/2017 13:09:20] INFO [django.server:124] "GET /climdata.u-bourgogne.fr/Catalogues HTTP/1.1" 200 3857
[27/Jun/2017 13:09:21] INFO [django.server:124] "GET /static/portailCRC/css/home.css HTTP/1.1" 200 480
[27/Jun/2017 13:09:21] INFO [django.server:124] "GET /static/portailCRC/images/logo_biogeo_72.jpg HTTP/1.1" 200 15505
[27/Jun/2017 13:09:21] INFO [django.server:124] "GET /static/portailCRC/images/Logo_CRC_transparent.png HTTP/1.1" 200 13653
[27/Jun/2017 13:09:21] INFO [django.server:124] "GET /static/portailCRC/images/bandeau-labo4.jpg HTTP/1.1" 200 16156
[27/Jun/2017 13:09:21] DEBUG [django.template:925] Exception while resolving variable 'name' in template 'unknown'.
Traceback (most recent call last):
  File "/home/mers/.local/lib/python2.7/site-packages/django/template/base.py", line 903, in _resolve_lookup
    (bit, current))  # missing attribute
VariableDoesNotExist: Failed lookup for key [name] in u'<RegexURLResolver <RegexURLPattern list> (admin:admin) ^admin/>'
[27/Jun/2017 13:09:21] DEBUG [django.template:925] Exception while resolving variable 'name' in template 'unknown'.
Traceback (most recent call last):
  File "/home/mers/.local/lib/python2.7/site-packages/django/template/base.py", line 903, in _resolve_lookup
    (bit, current))  # missing attribute
VariableDoesNotExist: Failed lookup for key [name] in u"<RegexURLResolver <module 'portailCRC.urls' from '/home/mers/dev/crc/portailCRC/urls.pyc'> (portailCRC:portailCRC) ^climdata.u-bourgogne.fr/Catalogues>"
[27/Jun/2017 13:09:21] DEBUG [django.template:925] Exception while resolving variable 'name' in template 'unknown'.
Traceback (most recent call last):
  File "/home/mers/.local/lib/python2.7/site-packages/django/template/base.py", line 903, in _resolve_lookup
    (bit, current))  # missing attribute
VariableDoesNotExist: Failed lookup for key [name] in u"<RegexURLResolver <module 'teledm.urls' from '/home/mers/dev/crc/teledm/urls.pyc'> (teledm:teledm) ^climdata.u-bourgogne.fr/teledm/>"
[27/Jun/2017 13:09:21] WARNING [django.request:152] Not Found: /favicon.ico
[27/Jun/2017 13:09:21] WARNING [django.server:124] "GET /favicon.ico HTTP/1.1" 404 3336
[27/Jun/2017 13:09:21] DEBUG [django.template:925] Exception while resolving variable 'name' in template 'unknown'.
Traceback (most recent call last):
  File "/home/mers/.local/lib/python2.7/site-packages/django/template/base.py", line 903, in _resolve_lookup
    (bit, current))  # missing attribute
VariableDoesNotExist: Failed lookup for key [name] in u'<RegexURLResolver <RegexURLPattern list> (admin:admin) ^admin/>'
[27/Jun/2017 13:09:21] DEBUG [django.template:925] Exception while resolving variable 'name' in template 'unknown'.
Traceback (most recent call last):
  File "/home/mers/.local/lib/python2.7/site-packages/django/template/base.py", line 903, in _resolve_lookup
    (bit, current))  # missing attribute
VariableDoesNotExist: Failed lookup for key [name] in u"<RegexURLResolver <module 'portailCRC.urls' from '/home/mers/dev/crc/portailCRC/urls.pyc'> (portailCRC:portailCRC) ^climdata.u-bourgogne.fr/Catalogues>"
[27/Jun/2017 13:09:21] DEBUG [django.template:925] Exception while resolving variable 'name' in template 'unknown'.
Traceback (most recent call last):
  File "/home/mers/.local/lib/python2.7/site-packages/django/template/base.py", line 903, in _resolve_lookup
    (bit, current))  # missing attribute
VariableDoesNotExist: Failed lookup for key [name] in u"<RegexURLResolver <module 'teledm.urls' from '/home/mers/dev/crc/teledm/urls.pyc'> (teledm:teledm) ^climdata.u-bourgogne.fr/teledm/>"
[27/Jun/2017 13:09:21] WARNING [django.request:152] Not Found: /favicon.ico
[27/Jun/2017 13:09:21] WARNING [django.server:124] "GET /favicon.ico HTTP/1.1" 404 3336
[27/Jun/2017 13:09:22] INFO [django.server:124] "GET /climdata.u-bourgogne.fr/teledm/ HTTP/1.1" 200 8792
[27/Jun/2017 13:09:22] INFO [django.server:124] "GET /static/teledm/css/form.css HTTP/1.1" 200 2271
[27/Jun/2017 13:09:22] INFO [django.server:124] "GET /static/teledm/css/base.css HTTP/1.1" 200 859
[27/Jun/2017 13:09:22] INFO [django.server:124] "GET /static/jquery-ui/jquery-ui.js HTTP/1.1" 200 520714
[27/Jun/2017 13:09:23] INFO [django.server:124] "GET /static/select2/dist/css/select2.min.css HTTP/1.1" 200 15196
[27/Jun/2017 13:09:23] INFO [django.server:124] "GET /static/jquery/dist/jquery.js HTTP/1.1" 200 267194
[27/Jun/2017 13:09:23] INFO [django.server:124] "GET /static/teledm/js/base.js HTTP/1.1" 200 14309
[27/Jun/2017 13:09:23] INFO [django.server:124] "GET /static/teledm/js/home.js HTTP/1.1" 200 364
[27/Jun/2017 13:09:23] INFO [django.server:124] "GET /static/jquery.cookie/jquery.cookie.js HTTP/1.1" 200 3121
[27/Jun/2017 13:09:23] INFO [django.server:124] "GET /static/select2/dist/js/select2.js HTTP/1.1" 200 141934
[27/Jun/2017 13:09:23] INFO [django.server:124] "GET /static/moment/min/moment.min.js HTTP/1.1" 200 61317
[27/Jun/2017 13:09:23] INFO [django.server:124] "GET /static/bootstrap/dist/css/bootstrap.min.css HTTP/1.1" 200 121200
[27/Jun/2017 13:09:23] INFO [django.server:124] "GET /static/bootstrap/dist/js/bootstrap.min.js HTTP/1.1" 200 37045
[27/Jun/2017 13:09:23] INFO [django.server:124] "GET /static/teledm/images/image_en_tete.jpeg HTTP/1.1" 200 36924
[27/Jun/2017 13:09:23] INFO [django.server:124] "GET /static/teledm/images/ird.jpeg HTTP/1.1" 200 5127
[27/Jun/2017 13:09:23] INFO [django.server:124] "GET /static/teledm/images/ub.jpeg HTTP/1.1" 200 3992
[27/Jun/2017 13:09:23] INFO [django.server:124] "GET /static/teledm/images/ulg.jpeg HTTP/1.1" 200 1587
[27/Jun/2017 13:09:23] INFO [django.server:124] "GET /static/teledm/images/ehesp.jpeg HTTP/1.1" 200 1833
[27/Jun/2017 13:09:23] INFO [django.server:124] "GET /static/teledm/images/crc.jpeg HTTP/1.1" 200 2522
[27/Jun/2017 13:09:23] INFO [django.server:124] "GET /static/teledm/images/institutPasteur.jpeg HTTP/1.1" 200 3518
[27/Jun/2017 13:09:23] INFO [django.server:124] "GET /static/teledm/images/cnrm.jpeg HTTP/1.1" 200 6949
[27/Jun/2017 13:09:23] INFO [django.server:124] "GET /static/teledm/images/cnrs.jpeg HTTP/1.1" 200 2330
[27/Jun/2017 13:09:23] INFO [django.server:124] "GET /static/teledm/images/uLille1.jpeg HTTP/1.1" 200 2347
[27/Jun/2017 13:15:18] INFO [django.server:124] "GET /climdata.u-bourgogne.fr/Catalogues HTTP/1.1" 200 3857
[27/Jun/2017 13:15:18] INFO [django.server:124] "GET /static/portailCRC/css/home.css HTTP/1.1" 200 480
[27/Jun/2017 13:15:18] INFO [django.server:124] "GET /static/portailCRC/images/Logo_CRC_transparent.png HTTP/1.1" 200 13653
[27/Jun/2017 13:15:18] INFO [django.server:124] "GET /static/portailCRC/images/logo_biogeo_72.jpg HTTP/1.1" 200 15505
[27/Jun/2017 13:15:18] INFO [django.server:124] "GET /static/portailCRC/images/bandeau-labo4.jpg HTTP/1.1" 200 16156
(0.001) 
            SELECT name, type FROM sqlite_master
            WHERE type in ('table', 'view') AND NOT name='sqlite_sequence'
            ORDER BY name; args=None
(0.000) SELECT "django_migrations"."app", "django_migrations"."name" FROM "django_migrations"; args=()
"GET /climdata.u-bourgogne.fr/Catalogues HTTP/1.1" 200 3857
"GET /static/portailCRC/css/home.css HTTP/1.1" 200 480
"GET /static/portailCRC/images/logo_biogeo_72.jpg HTTP/1.1" 200 15505
"GET /static/portailCRC/images/Logo_CRC_transparent.png HTTP/1.1" 200 13653
"GET /static/portailCRC/images/bandeau-labo4.jpg HTTP/1.1" 200 16156
Exception while resolving variable 'name' in template 'unknown'.
Traceback (most recent call last):
  File "/home/mers/.local/lib/python2.7/site-packages/django/template/base.py", line 903, in _resolve_lookup
    (bit, current))  # missing attribute
VariableDoesNotExist: Failed lookup for key [name] in u'<RegexURLResolver <RegexURLPattern list> (admin:admin) ^admin/>'
Exception while resolving variable 'name' in template 'unknown'.
Traceback (most recent call last):
  File "/home/mers/.local/lib/python2.7/site-packages/django/template/base.py", line 903, in _resolve_lookup
    (bit, current))  # missing attribute
VariableDoesNotExist: Failed lookup for key [name] in u"<RegexURLResolver <module 'portailCRC.urls' from '/home/mers/dev/crc/portailCRC/urls.pyc'> (portailCRC:portailCRC) ^climdata.u-bourgogne.fr/Catalogues>"
Exception while resolving variable 'name' in template 'unknown'.
Traceback (most recent call last):
  File "/home/mers/.local/lib/python2.7/site-packages/django/template/base.py", line 903, in _resolve_lookup
    (bit, current))  # missing attribute
VariableDoesNotExist: Failed lookup for key [name] in u"<RegexURLResolver <module 'teledm.urls' from '/home/mers/dev/crc/teledm/urls.pyc'> (teledm:teledm) ^climdata.u-bourgogne.fr/teledm/>"
Not Found: /favicon.ico
"GET /favicon.ico HTTP/1.1" 404 3336
Exception while resolving variable 'name' in template 'unknown'.
Traceback (most recent call last):
  File "/home/mers/.local/lib/python2.7/site-packages/django/template/base.py", line 903, in _resolve_lookup
    (bit, current))  # missing attribute
VariableDoesNotExist: Failed lookup for key [name] in u'<RegexURLResolver <RegexURLPattern list> (admin:admin) ^admin/>'
Exception while resolving variable 'name' in template 'unknown'.
Traceback (most recent call last):
  File "/home/mers/.local/lib/python2.7/site-packages/django/template/base.py", line 903, in _resolve_lookup
    (bit, current))  # missing attribute
VariableDoesNotExist: Failed lookup for key [name] in u"<RegexURLResolver <module 'portailCRC.urls' from '/home/mers/dev/crc/portailCRC/urls.pyc'> (portailCRC:portailCRC) ^climdata.u-bourgogne.fr/Catalogues>"
Exception while resolving variable 'name' in template 'unknown'.
Traceback (most recent call last):
  File "/home/mers/.local/lib/python2.7/site-packages/django/template/base.py", line 903, in _resolve_lookup
    (bit, current))  # missing attribute
VariableDoesNotExist: Failed lookup for key [name] in u"<RegexURLResolver <module 'teledm.urls' from '/home/mers/dev/crc/teledm/urls.pyc'> (teledm:teledm) ^climdata.u-bourgogne.fr/teledm/>"
Not Found: /favicon.ico
"GET /favicon.ico HTTP/1.1" 404 3336
"GET /climdata.u-bourgogne.fr/teledm/ HTTP/1.1" 200 8792
"GET /static/select2/dist/css/select2.min.css HTTP/1.1" 200 15196
"GET /static/teledm/css/form.css HTTP/1.1" 200 2271
"GET /static/teledm/css/base.css HTTP/1.1" 200 859
"GET /static/jquery.cookie/jquery.cookie.js HTTP/1.1" 200 3121
"GET /static/bootstrap/dist/css/bootstrap.min.css HTTP/1.1" 200 121200
"GET /static/moment/min/moment.min.js HTTP/1.1" 200 61317
"GET /static/jquery/dist/jquery.js HTTP/1.1" 200 267194
"GET /static/bootstrap/dist/js/bootstrap.min.js HTTP/1.1" 200 37045
"GET /static/select2/dist/js/select2.js HTTP/1.1" 200 141934
"GET /static/teledm/js/home.js HTTP/1.1" 200 364
"GET /static/jquery-ui/jquery-ui.js HTTP/1.1" 200 520714
"GET /static/teledm/js/base.js HTTP/1.1" 200 14309
"GET /static/teledm/images/cnrs.jpeg HTTP/1.1" 200 2330
"GET /static/teledm/images/image_en_tete.jpeg HTTP/1.1" 200 36924
"GET /static/teledm/images/cnrm.jpeg HTTP/1.1" 200 6949
"GET /static/teledm/images/ehesp.jpeg HTTP/1.1" 200 1833
"GET /static/teledm/images/institutPasteur.jpeg HTTP/1.1" 200 3518
"GET /static/teledm/images/ird.jpeg HTTP/1.1" 200 5127
"GET /static/teledm/images/crc.jpeg HTTP/1.1" 200 2522
"GET /static/teledm/images/ub.jpeg HTTP/1.1" 200 3992
"GET /static/teledm/images/uLille1.jpeg HTTP/1.1" 200 2347
"GET /static/teledm/images/ulg.jpeg HTTP/1.1" 200 1587
"GET /climdata.u-bourgogne.fr/Catalogues HTTP/1.1" 200 3857
"GET /static/portailCRC/css/home.css HTTP/1.1" 200 480
"GET /static/portailCRC/images/Logo_CRC_transparent.png HTTP/1.1" 200 13653
"GET /static/portailCRC/images/logo_biogeo_72.jpg HTTP/1.1" 200 15505
"GET /static/portailCRC/images/bandeau-labo4.jpg HTTP/1.1" 200 16156
(0.001) 
            SELECT name, type FROM sqlite_master
            WHERE type in ('table', 'view') AND NOT name='sqlite_sequence'
            ORDER BY name; args=None
(0.000) SELECT "django_migrations"."app", "django_migrations"."name" FROM "django_migrations"; args=()
(0.002) 
            SELECT name, type FROM sqlite_master
            WHERE type in ('table', 'view') AND NOT name='sqlite_sequence'
            ORDER BY name; args=None
(0.000) SELECT "django_migrations"."app", "django_migrations"."name" FROM "django_migrations"; args=()
"GET /climdata.u-bourgogne.fr/Catalogues HTTP/1.1" 200 3857
"GET /climdata.u-bourgogne.fr/teledm/ HTTP/1.1" 200 8792
Debug message!
Info message!
Warning message!
Error message!
Critical message!
"GET /climdata.u-bourgogne.fr/teledm/mapViewer/ HTTP/1.1" 200 20383
"GET /static/teledm/js/mapViewer.js HTTP/1.1" 200 53704
"GET /static/teledm/css/mapViewer.css HTTP/1.1" 200 921
"GET /static/html5shiv/dist/html5shiv-printshiv.js HTTP/1.1" 200 16268
"GET /static/respond/src/respond.js HTTP/1.1" 200 9754
"GET /static/highcharts-export-csv/export-csv.js HTTP/1.1" 200 11927
"GET /static/bootstrap/dist/fonts/glyphicons-halflings-regular.woff2 HTTP/1.1" 200 18028
"GET /climdata.u-bourgogne.fr/teledm/proxyajax/catalogRefs/CatalogTELEDEM.xml HTTP/1.1" 200 1614
"GET /static/teledm/images/pan.png HTTP/1.1" 200 606
"GET /static/teledm/images/zoomIn.png HTTP/1.1" 200 975
"GET /static/teledm/images/info.png HTTP/1.1" 200 1010
"GET /climdata.u-bourgogne.fr/teledm/colorbar/wms/satellite/modis/MYD07/res009/MYD07_r009_d.nc?REQUEST=GetLegendGraphic&LAYER=Surface_Temperature&NUMCOLORBANDS=10&PALETTE=rainbow&COLORBARONLY=true HTTP/1.1" 200 285
(0.001) 
            SELECT name, type FROM sqlite_master
            WHERE type in ('table', 'view') AND NOT name='sqlite_sequence'
            ORDER BY name; args=None
(0.000) SELECT "django_migrations"."app", "django_migrations"."name" FROM "django_migrations"; args=()
"GET /climdata.u-bourgogne.fr/Catalogues HTTP/1.1" 200 3857
"GET /static/portailCRC/css/home.css HTTP/1.1" 200 480
"GET /static/portailCRC/images/logo_biogeo_72.jpg HTTP/1.1" 200 15505
"GET /static/portailCRC/images/Logo_CRC_transparent.png HTTP/1.1" 200 13653
"GET /static/portailCRC/images/bandeau-labo4.jpg HTTP/1.1" 200 16156
Exception while resolving variable 'name' in template 'unknown'.
Traceback (most recent call last):
  File "/home/mers/.local/lib/python2.7/site-packages/django/template/base.py", line 903, in _resolve_lookup
    (bit, current))  # missing attribute
VariableDoesNotExist: Failed lookup for key [name] in u'<RegexURLResolver <RegexURLPattern list> (admin:admin) ^admin/>'
Exception while resolving variable 'name' in template 'unknown'.
Traceback (most recent call last):
  File "/home/mers/.local/lib/python2.7/site-packages/django/template/base.py", line 903, in _resolve_lookup
    (bit, current))  # missing attribute
VariableDoesNotExist: Failed lookup for key [name] in u"<RegexURLResolver <module 'portailCRC.urls' from '/home/mers/dev/crc/portailCRC/urls.pyc'> (portailCRC:portailCRC) ^climdata.u-bourgogne.fr/Catalogues>"
Exception while resolving variable 'name' in template 'unknown'.
Traceback (most recent call last):
  File "/home/mers/.local/lib/python2.7/site-packages/django/template/base.py", line 903, in _resolve_lookup
    (bit, current))  # missing attribute
VariableDoesNotExist: Failed lookup for key [name] in u"<RegexURLResolver <module 'teledm.urls' from '/home/mers/dev/crc/teledm/urls.pyc'> (teledm:teledm) ^climdata.u-bourgogne.fr/teledm/>"
Not Found: /favicon.ico
"GET /favicon.ico HTTP/1.1" 404 3336
Exception while resolving variable 'name' in template 'unknown'.
Traceback (most recent call last):
  File "/home/mers/.local/lib/python2.7/site-packages/django/template/base.py", line 903, in _resolve_lookup
    (bit, current))  # missing attribute
VariableDoesNotExist: Failed lookup for key [name] in u'<RegexURLResolver <RegexURLPattern list> (admin:admin) ^admin/>'
Exception while resolving variable 'name' in template 'unknown'.
Traceback (most recent call last):
  File "/home/mers/.local/lib/python2.7/site-packages/django/template/base.py", line 903, in _resolve_lookup
    (bit, current))  # missing attribute
VariableDoesNotExist: Failed lookup for key [name] in u"<RegexURLResolver <module 'portailCRC.urls' from '/home/mers/dev/crc/portailCRC/urls.pyc'> (portailCRC:portailCRC) ^climdata.u-bourgogne.fr/Catalogues>"
Exception while resolving variable 'name' in template 'unknown'.
Traceback (most recent call last):
  File "/home/mers/.local/lib/python2.7/site-packages/django/template/base.py", line 903, in _resolve_lookup
    (bit, current))  # missing attribute
VariableDoesNotExist: Failed lookup for key [name] in u"<RegexURLResolver <module 'teledm.urls' from '/home/mers/dev/crc/teledm/urls.pyc'> (teledm:teledm) ^climdata.u-bourgogne.fr/teledm/>"
Not Found: /favicon.ico
"GET /favicon.ico HTTP/1.1" 404 3336
"GET /climdata.u-bourgogne.fr/teledm/ HTTP/1.1" 200 8792
"GET /static/select2/dist/css/select2.min.css HTTP/1.1" 200 15196
"GET /static/teledm/css/base.css HTTP/1.1" 200 859
"GET /static/teledm/css/form.css HTTP/1.1" 200 2271
"GET /static/bootstrap/dist/css/bootstrap.min.css HTTP/1.1" 200 121200
"GET /static/jquery/dist/jquery.js HTTP/1.1" 200 267194
"GET /static/jquery-ui/jquery-ui.js HTTP/1.1" 200 520714
"GET /static/jquery.cookie/jquery.cookie.js HTTP/1.1" 200 3121
"GET /static/select2/dist/js/select2.js HTTP/1.1" 200 141934
"GET /static/teledm/js/base.js HTTP/1.1" 200 14309
"GET /static/moment/min/moment.min.js HTTP/1.1" 200 61317
"GET /static/teledm/js/home.js HTTP/1.1" 200 364
"GET /static/bootstrap/dist/js/bootstrap.min.js HTTP/1.1" 200 37045
"GET /static/teledm/images/cnrm.jpeg HTTP/1.1" 200 6949
"GET /static/teledm/images/cnrs.jpeg HTTP/1.1" 200 2330
"GET /static/teledm/images/image_en_tete.jpeg HTTP/1.1" 200 36924
"GET /static/teledm/images/crc.jpeg HTTP/1.1" 200 2522
"GET /static/teledm/images/ehesp.jpeg HTTP/1.1" 200 1833
"GET /static/teledm/images/institutPasteur.jpeg HTTP/1.1" 200 3518
"GET /static/teledm/images/ub.jpeg HTTP/1.1" 200 3992
"GET /static/teledm/images/ird.jpeg HTTP/1.1" 200 5127
"GET /static/teledm/images/ulg.jpeg HTTP/1.1" 200 1587
"GET /static/teledm/images/uLille1.jpeg HTTP/1.1" 200 2347
Debug message!
Info message!
Warning message!
Error message!
Critical message!
"GET /climdata.u-bourgogne.fr/teledm/mapViewer/ HTTP/1.1" 200 20383
"GET /static/teledm/css/mapViewer.css HTTP/1.1" 200 921
"GET /static/highcharts-export-csv/export-csv.js HTTP/1.1" 200 11927
"GET /static/respond/src/respond.js HTTP/1.1" 200 9754
"GET /static/html5shiv/dist/html5shiv-printshiv.js HTTP/1.1" 200 16268
"GET /static/teledm/js/mapViewer.js HTTP/1.1" 200 53704
"GET /static/bootstrap/dist/fonts/glyphicons-halflings-regular.woff2 HTTP/1.1" 200 18028
"GET /climdata.u-bourgogne.fr/teledm/proxyajax/catalogRefs/CatalogTELEDEM.xml HTTP/1.1" 200 1614
"GET /static/teledm/images/info.png HTTP/1.1" 200 1010
"GET /static/teledm/images/zoomIn.png HTTP/1.1" 200 975
"GET /static/teledm/images/pan.png HTTP/1.1" 200 606
"GET /climdata.u-bourgogne.fr/teledm/colorbar/wms/satellite/modis/MYD07/res009/MYD07_r009_d.nc?REQUEST=GetLegendGraphic&LAYER=Surface_Temperature&NUMCOLORBANDS=10&PALETTE=rainbow&COLORBARONLY=true HTTP/1.1" 200 285
(0.001) 
            SELECT name, type FROM sqlite_master
            WHERE type in ('table', 'view') AND NOT name='sqlite_sequence'
            ORDER BY name; args=None
(0.000) SELECT "django_migrations"."app", "django_migrations"."name" FROM "django_migrations"; args=()
"GET /climdata.u-bourgogne.fr/Catalogues HTTP/1.1" 200 3857
"GET /static/portailCRC/css/home.css HTTP/1.1" 200 480
"GET /static/portailCRC/images/Logo_CRC_transparent.png HTTP/1.1" 200 13653
"GET /static/portailCRC/images/logo_biogeo_72.jpg HTTP/1.1" 200 15505
"GET /static/portailCRC/images/bandeau-labo4.jpg HTTP/1.1" 200 16156
Exception while resolving variable 'name' in template 'unknown'.
Traceback (most recent call last):
  File "/home/mers/.local/lib/python2.7/site-packages/django/template/base.py", line 903, in _resolve_lookup
    (bit, current))  # missing attribute
VariableDoesNotExist: Failed lookup for key [name] in u'<RegexURLResolver <RegexURLPattern list> (admin:admin) ^admin/>'
Exception while resolving variable 'name' in template 'unknown'.
Traceback (most recent call last):
  File "/home/mers/.local/lib/python2.7/site-packages/django/template/base.py", line 903, in _resolve_lookup
    (bit, current))  # missing attribute
VariableDoesNotExist: Failed lookup for key [name] in u"<RegexURLResolver <module 'portailCRC.urls' from '/home/mers/dev/crc/portailCRC/urls.pyc'> (portailCRC:portailCRC) ^climdata.u-bourgogne.fr/Catalogues>"
Exception while resolving variable 'name' in template 'unknown'.
Traceback (most recent call last):
  File "/home/mers/.local/lib/python2.7/site-packages/django/template/base.py", line 903, in _resolve_lookup
    (bit, current))  # missing attribute
VariableDoesNotExist: Failed lookup for key [name] in u"<RegexURLResolver <module 'teledm.urls' from '/home/mers/dev/crc/teledm/urls.pyc'> (teledm:teledm) ^climdata.u-bourgogne.fr/teledm/>"
Not Found: /favicon.ico
"GET /favicon.ico HTTP/1.1" 404 3336
Exception while resolving variable 'name' in template 'unknown'.
Traceback (most recent call last):
  File "/home/mers/.local/lib/python2.7/site-packages/django/template/base.py", line 903, in _resolve_lookup
    (bit, current))  # missing attribute
VariableDoesNotExist: Failed lookup for key [name] in u'<RegexURLResolver <RegexURLPattern list> (admin:admin) ^admin/>'
Exception while resolving variable 'name' in template 'unknown'.
Traceback (most recent call last):
  File "/home/mers/.local/lib/python2.7/site-packages/django/template/base.py", line 903, in _resolve_lookup
    (bit, current))  # missing attribute
VariableDoesNotExist: Failed lookup for key [name] in u"<RegexURLResolver <module 'portailCRC.urls' from '/home/mers/dev/crc/portailCRC/urls.pyc'> (portailCRC:portailCRC) ^climdata.u-bourgogne.fr/Catalogues>"
Exception while resolving variable 'name' in template 'unknown'.
Traceback (most recent call last):
  File "/home/mers/.local/lib/python2.7/site-packages/django/template/base.py", line 903, in _resolve_lookup
    (bit, current))  # missing attribute
VariableDoesNotExist: Failed lookup for key [name] in u"<RegexURLResolver <module 'teledm.urls' from '/home/mers/dev/crc/teledm/urls.pyc'> (teledm:teledm) ^climdata.u-bourgogne.fr/teledm/>"
Not Found: /favicon.ico
"GET /favicon.ico HTTP/1.1" 404 3336
"GET /climdata.u-bourgogne.fr/teledm/ HTTP/1.1" 200 8792
"GET /static/bootstrap/dist/css/bootstrap.min.css HTTP/1.1" 200 121200
"GET /static/select2/dist/css/select2.min.css HTTP/1.1" 200 15196
"GET /static/teledm/css/form.css HTTP/1.1" 200 2271
"GET /static/teledm/css/base.css HTTP/1.1" 200 859
"GET /static/jquery/dist/jquery.js HTTP/1.1" 200 267194
"GET /static/jquery-ui/jquery-ui.js HTTP/1.1" 200 520714
"GET /static/jquery.cookie/jquery.cookie.js HTTP/1.1" 200 3121
"GET /static/select2/dist/js/select2.js HTTP/1.1" 200 141934
"GET /static/bootstrap/dist/js/bootstrap.min.js HTTP/1.1" 200 37045
"GET /static/teledm/js/home.js HTTP/1.1" 200 364
"GET /static/moment/min/moment.min.js HTTP/1.1" 200 61317
"GET /static/teledm/js/base.js HTTP/1.1" 200 14309
"GET /static/teledm/images/cnrs.jpeg HTTP/1.1" 200 2330
"GET /static/teledm/images/ehesp.jpeg HTTP/1.1" 200 1833
"GET /static/teledm/images/cnrm.jpeg HTTP/1.1" 200 6949
"GET /static/teledm/images/image_en_tete.jpeg HTTP/1.1" 200 36924
"GET /static/teledm/images/institutPasteur.jpeg HTTP/1.1" 200 3518
"GET /static/teledm/images/ird.jpeg HTTP/1.1" 200 5127
"GET /static/teledm/images/crc.jpeg HTTP/1.1" 200 2522
"GET /static/teledm/images/ulg.jpeg HTTP/1.1" 200 1587
"GET /static/teledm/images/ub.jpeg HTTP/1.1" 200 3992
"GET /static/teledm/images/uLille1.jpeg HTTP/1.1" 200 2347
(0.001) 
            SELECT name, type FROM sqlite_master
            WHERE type in ('table', 'view') AND NOT name='sqlite_sequence'
            ORDER BY name; args=None
(0.000) SELECT "django_migrations"."app", "django_migrations"."name" FROM "django_migrations"; args=()
"GET /climdata.u-bourgogne.fr/Catalogues HTTP/1.1" 200 3857
"GET /static/portailCRC/css/home.css HTTP/1.1" 200 480
"GET /static/portailCRC/images/Logo_CRC_transparent.png HTTP/1.1" 200 13653
"GET /static/portailCRC/images/logo_biogeo_72.jpg HTTP/1.1" 200 15505
"GET /static/portailCRC/images/bandeau-labo4.jpg HTTP/1.1" 200 16156
Exception while resolving variable 'name' in template 'unknown'.
Traceback (most recent call last):
  File "/home/mers/.local/lib/python2.7/site-packages/django/template/base.py", line 903, in _resolve_lookup
    (bit, current))  # missing attribute
VariableDoesNotExist: Failed lookup for key [name] in u'<RegexURLResolver <RegexURLPattern list> (admin:admin) ^admin/>'
Exception while resolving variable 'name' in template 'unknown'.
Traceback (most recent call last):
  File "/home/mers/.local/lib/python2.7/site-packages/django/template/base.py", line 903, in _resolve_lookup
    (bit, current))  # missing attribute
VariableDoesNotExist: Failed lookup for key [name] in u"<RegexURLResolver <module 'portailCRC.urls' from '/home/mers/dev/crc/portailCRC/urls.pyc'> (portailCRC:portailCRC) ^climdata.u-bourgogne.fr/Catalogues>"
Exception while resolving variable 'name' in template 'unknown'.
Traceback (most recent call last):
  File "/home/mers/.local/lib/python2.7/site-packages/django/template/base.py", line 903, in _resolve_lookup
    (bit, current))  # missing attribute
VariableDoesNotExist: Failed lookup for key [name] in u"<RegexURLResolver <module 'teledm.urls' from '/home/mers/dev/crc/teledm/urls.pyc'> (teledm:teledm) ^climdata.u-bourgogne.fr/teledm/>"
Not Found: /favicon.ico
"GET /favicon.ico HTTP/1.1" 404 3336
Exception while resolving variable 'name' in template 'unknown'.
Traceback (most recent call last):
  File "/home/mers/.local/lib/python2.7/site-packages/django/template/base.py", line 903, in _resolve_lookup
    (bit, current))  # missing attribute
VariableDoesNotExist: Failed lookup for key [name] in u'<RegexURLResolver <RegexURLPattern list> (admin:admin) ^admin/>'
Exception while resolving variable 'name' in template 'unknown'.
Traceback (most recent call last):
  File "/home/mers/.local/lib/python2.7/site-packages/django/template/base.py", line 903, in _resolve_lookup
    (bit, current))  # missing attribute
VariableDoesNotExist: Failed lookup for key [name] in u"<RegexURLResolver <module 'portailCRC.urls' from '/home/mers/dev/crc/portailCRC/urls.pyc'> (portailCRC:portailCRC) ^climdata.u-bourgogne.fr/Catalogues>"
Exception while resolving variable 'name' in template 'unknown'.
Traceback (most recent call last):
  File "/home/mers/.local/lib/python2.7/site-packages/django/template/base.py", line 903, in _resolve_lookup
    (bit, current))  # missing attribute
VariableDoesNotExist: Failed lookup for key [name] in u"<RegexURLResolver <module 'teledm.urls' from '/home/mers/dev/crc/teledm/urls.pyc'> (teledm:teledm) ^climdata.u-bourgogne.fr/teledm/>"
Not Found: /favicon.ico
"GET /favicon.ico HTTP/1.1" 404 3336
"GET /climdata.u-bourgogne.fr/teledm/ HTTP/1.1" 200 8792
"GET /static/teledm/css/base.css HTTP/1.1" 200 859
"GET /static/select2/dist/css/select2.min.css HTTP/1.1" 200 15196
"GET /static/bootstrap/dist/css/bootstrap.min.css HTTP/1.1" 200 121200
"GET /static/teledm/css/form.css HTTP/1.1" 200 2271
"GET /static/jquery.cookie/jquery.cookie.js HTTP/1.1" 200 3121
"GET /static/jquery/dist/jquery.js HTTP/1.1" 200 267194
"GET /static/bootstrap/dist/js/bootstrap.min.js HTTP/1.1" 200 37045
"GET /static/moment/min/moment.min.js HTTP/1.1" 200 61317
"GET /static/select2/dist/js/select2.js HTTP/1.1" 200 141934
"GET /static/jquery-ui/jquery-ui.js HTTP/1.1" 200 520714
"GET /static/teledm/js/base.js HTTP/1.1" 200 14309
"GET /static/teledm/js/home.js HTTP/1.1" 200 364
"GET /static/teledm/images/cnrm.jpeg HTTP/1.1" 200 6949
"GET /static/teledm/images/image_en_tete.jpeg HTTP/1.1" 200 36924
"GET /static/teledm/images/cnrs.jpeg HTTP/1.1" 200 2330
"GET /static/teledm/images/ehesp.jpeg HTTP/1.1" 200 1833
"GET /static/teledm/images/crc.jpeg HTTP/1.1" 200 2522
"GET /static/teledm/images/institutPasteur.jpeg HTTP/1.1" 200 3518
"GET /static/teledm/images/ird.jpeg HTTP/1.1" 200 5127
"GET /static/teledm/images/ulg.jpeg HTTP/1.1" 200 1587
"GET /static/teledm/images/ub.jpeg HTTP/1.1" 200 3992
"GET /static/teledm/images/uLille1.jpeg HTTP/1.1" 200 2347
Debug message!
Info message!
Warning message!
Error message!
Critical message!
"GET /climdata.u-bourgogne.fr/teledm/mapViewer/ HTTP/1.1" 200 20383
"GET /static/teledm/css/mapViewer.css HTTP/1.1" 200 921
"GET /static/highcharts-export-csv/export-csv.js HTTP/1.1" 200 11927
"GET /static/respond/src/respond.js HTTP/1.1" 200 9754
"GET /static/teledm/js/mapViewer.js HTTP/1.1" 200 53704
"GET /static/html5shiv/dist/html5shiv-printshiv.js HTTP/1.1" 200 16268
"GET /static/bootstrap/dist/fonts/glyphicons-halflings-regular.woff2 HTTP/1.1" 200 18028
"GET /climdata.u-bourgogne.fr/teledm/proxyajax/catalogRefs/CatalogTELEDEM.xml HTTP/1.1" 200 1614
"GET /static/teledm/images/pan.png HTTP/1.1" 200 606
"GET /static/teledm/images/zoomIn.png HTTP/1.1" 200 975
"GET /static/teledm/images/info.png HTTP/1.1" 200 1010
"GET /climdata.u-bourgogne.fr/teledm/colorbar/wms/satellite/modis/MYD07/res009/MYD07_r009_d.nc?REQUEST=GetLegendGraphic&LAYER=Surface_Temperature&NUMCOLORBANDS=10&PALETTE=rainbow&COLORBARONLY=true HTTP/1.1" 200 285
"GET /climdata.u-bourgogne.fr/teledm/ HTTP/1.1" 200 8792
"GET /climdata.u-bourgogne.fr/teledm/ HTTP/1.1" 200 8792
"GET /climdata.u-bourgogne.fr/Catalogues HTTP/1.1" 200 3857
"GET /climdata.u-bourgogne.fr/teledm/ HTTP/1.1" 200 8792
(0.001) 
            SELECT name, type FROM sqlite_master
            WHERE type in ('table', 'view') AND NOT name='sqlite_sequence'
            ORDER BY name; args=None
(0.000) SELECT "django_migrations"."app", "django_migrations"."name" FROM "django_migrations"; args=()
"GET /climdata.u-bourgogne.fr/Catalogues HTTP/1.1" 200 3857
"GET /static/portailCRC/css/home.css HTTP/1.1" 200 480
"GET /static/portailCRC/images/Logo_CRC_transparent.png HTTP/1.1" 200 13653
"GET /static/portailCRC/images/logo_biogeo_72.jpg HTTP/1.1" 200 15505
"GET /static/portailCRC/images/bandeau-labo4.jpg HTTP/1.1" 200 16156
Exception while resolving variable 'name' in template 'unknown'.
Traceback (most recent call last):
  File "/home/mers/.local/lib/python2.7/site-packages/django/template/base.py", line 903, in _resolve_lookup
    (bit, current))  # missing attribute
VariableDoesNotExist: Failed lookup for key [name] in u'<RegexURLResolver <RegexURLPattern list> (admin:admin) ^admin/>'
Exception while resolving variable 'name' in template 'unknown'.
Traceback (most recent call last):
  File "/home/mers/.local/lib/python2.7/site-packages/django/template/base.py", line 903, in _resolve_lookup
    (bit, current))  # missing attribute
VariableDoesNotExist: Failed lookup for key [name] in u"<RegexURLResolver <module 'portailCRC.urls' from '/home/mers/dev/crc/portailCRC/urls.pyc'> (portailCRC:portailCRC) ^climdata.u-bourgogne.fr/Catalogues>"
Exception while resolving variable 'name' in template 'unknown'.
Traceback (most recent call last):
  File "/home/mers/.local/lib/python2.7/site-packages/django/template/base.py", line 903, in _resolve_lookup
    (bit, current))  # missing attribute
VariableDoesNotExist: Failed lookup for key [name] in u"<RegexURLResolver <module 'teledm.urls' from '/home/mers/dev/crc/teledm/urls.pyc'> (teledm:teledm) ^climdata.u-bourgogne.fr/teledm/>"
Not Found: /favicon.ico
"GET /favicon.ico HTTP/1.1" 404 3336
Exception while resolving variable 'name' in template 'unknown'.
Traceback (most recent call last):
  File "/home/mers/.local/lib/python2.7/site-packages/django/template/base.py", line 903, in _resolve_lookup
    (bit, current))  # missing attribute
VariableDoesNotExist: Failed lookup for key [name] in u'<RegexURLResolver <RegexURLPattern list> (admin:admin) ^admin/>'
Exception while resolving variable 'name' in template 'unknown'.
Traceback (most recent call last):
  File "/home/mers/.local/lib/python2.7/site-packages/django/template/base.py", line 903, in _resolve_lookup
    (bit, current))  # missing attribute
VariableDoesNotExist: Failed lookup for key [name] in u"<RegexURLResolver <module 'portailCRC.urls' from '/home/mers/dev/crc/portailCRC/urls.pyc'> (portailCRC:portailCRC) ^climdata.u-bourgogne.fr/Catalogues>"
Exception while resolving variable 'name' in template 'unknown'.
Traceback (most recent call last):
  File "/home/mers/.local/lib/python2.7/site-packages/django/template/base.py", line 903, in _resolve_lookup
    (bit, current))  # missing attribute
VariableDoesNotExist: Failed lookup for key [name] in u"<RegexURLResolver <module 'teledm.urls' from '/home/mers/dev/crc/teledm/urls.pyc'> (teledm:teledm) ^climdata.u-bourgogne.fr/teledm/>"
Not Found: /favicon.ico
"GET /favicon.ico HTTP/1.1" 404 3336
"GET /climdata.u-bourgogne.fr/teledm/ HTTP/1.1" 200 8792
"GET /static/bootstrap/dist/css/bootstrap.min.css HTTP/1.1" 200 121200
"GET /static/teledm/css/form.css HTTP/1.1" 200 2271
"GET /static/teledm/css/base.css HTTP/1.1" 200 859
"GET /static/select2/dist/css/select2.min.css HTTP/1.1" 200 15196
"GET /static/jquery/dist/jquery.js HTTP/1.1" 200 267194
"GET /static/jquery-ui/jquery-ui.js HTTP/1.1" 200 520714
"GET /static/jquery.cookie/jquery.cookie.js HTTP/1.1" 200 3121
"GET /static/select2/dist/js/select2.js HTTP/1.1" 200 141934
"GET /static/moment/min/moment.min.js HTTP/1.1" 200 61317
"GET /static/bootstrap/dist/js/bootstrap.min.js HTTP/1.1" 200 37045
"GET /static/teledm/js/base.js HTTP/1.1" 200 14309
"GET /static/teledm/js/home.js HTTP/1.1" 200 364
"GET /static/teledm/images/image_en_tete.jpeg HTTP/1.1" 200 36924
"GET /static/teledm/images/cnrm.jpeg HTTP/1.1" 200 6949
"GET /static/teledm/images/cnrs.jpeg HTTP/1.1" 200 2330
"GET /static/teledm/images/crc.jpeg HTTP/1.1" 200 2522
"GET /static/teledm/images/ehesp.jpeg HTTP/1.1" 200 1833
"GET /static/teledm/images/institutPasteur.jpeg HTTP/1.1" 200 3518
"GET /static/teledm/images/ird.jpeg HTTP/1.1" 200 5127
"GET /static/teledm/images/ub.jpeg HTTP/1.1" 200 3992
"GET /static/teledm/images/ulg.jpeg HTTP/1.1" 200 1587
"GET /static/teledm/images/uLille1.jpeg HTTP/1.1" 200 2347
(0.002) 
            SELECT name, type FROM sqlite_master
            WHERE type in ('table', 'view') AND NOT name='sqlite_sequence'
            ORDER BY name; args=None
(0.000) SELECT "django_migrations"."app", "django_migrations"."name" FROM "django_migrations"; args=()
(0.001) 
            SELECT name, type FROM sqlite_master
            WHERE type in ('table', 'view') AND NOT name='sqlite_sequence'
            ORDER BY name; args=None
(0.000) SELECT "django_migrations"."app", "django_migrations"."name" FROM "django_migrations"; args=()
"GET /climdata.u-bourgogne.fr/Catalogues HTTP/1.1" 200 3857
"GET /static/portailCRC/css/home.css HTTP/1.1" 200 480
"GET /static/portailCRC/images/Logo_CRC_transparent.png HTTP/1.1" 200 13653
"GET /static/portailCRC/images/logo_biogeo_72.jpg HTTP/1.1" 200 15505
"GET /static/portailCRC/images/bandeau-labo4.jpg HTTP/1.1" 200 16156
Exception while resolving variable 'name' in template 'unknown'.
Traceback (most recent call last):
  File "/home/mers/.local/lib/python2.7/site-packages/django/template/base.py", line 903, in _resolve_lookup
    (bit, current))  # missing attribute
VariableDoesNotExist: Failed lookup for key [name] in u'<RegexURLResolver <RegexURLPattern list> (admin:admin) ^admin/>'
Exception while resolving variable 'name' in template 'unknown'.
Traceback (most recent call last):
  File "/home/mers/.local/lib/python2.7/site-packages/django/template/base.py", line 903, in _resolve_lookup
    (bit, current))  # missing attribute
VariableDoesNotExist: Failed lookup for key [name] in u"<RegexURLResolver <module 'portailCRC.urls' from '/home/mers/dev/crc/portailCRC/urls.pyc'> (portailCRC:portailCRC) ^climdata.u-bourgogne.fr/Catalogues>"
Exception while resolving variable 'name' in template 'unknown'.
Traceback (most recent call last):
  File "/home/mers/.local/lib/python2.7/site-packages/django/template/base.py", line 903, in _resolve_lookup
    (bit, current))  # missing attribute
VariableDoesNotExist: Failed lookup for key [name] in u"<RegexURLResolver <module 'teledm.urls' from '/home/mers/dev/crc/teledm/urls.pyc'> (teledm:teledm) ^climdata.u-bourgogne.fr/teledm/>"
Not Found: /favicon.ico
"GET /favicon.ico HTTP/1.1" 404 3336
Exception while resolving variable 'name' in template 'unknown'.
Traceback (most recent call last):
  File "/home/mers/.local/lib/python2.7/site-packages/django/template/base.py", line 903, in _resolve_lookup
    (bit, current))  # missing attribute
VariableDoesNotExist: Failed lookup for key [name] in u'<RegexURLResolver <RegexURLPattern list> (admin:admin) ^admin/>'
Exception while resolving variable 'name' in template 'unknown'.
Traceback (most recent call last):
  File "/home/mers/.local/lib/python2.7/site-packages/django/template/base.py", line 903, in _resolve_lookup
    (bit, current))  # missing attribute
VariableDoesNotExist: Failed lookup for key [name] in u"<RegexURLResolver <module 'portailCRC.urls' from '/home/mers/dev/crc/portailCRC/urls.pyc'> (portailCRC:portailCRC) ^climdata.u-bourgogne.fr/Catalogues>"
Exception while resolving variable 'name' in template 'unknown'.
Traceback (most recent call last):
  File "/home/mers/.local/lib/python2.7/site-packages/django/template/base.py", line 903, in _resolve_lookup
    (bit, current))  # missing attribute
VariableDoesNotExist: Failed lookup for key [name] in u"<RegexURLResolver <module 'teledm.urls' from '/home/mers/dev/crc/teledm/urls.pyc'> (teledm:teledm) ^climdata.u-bourgogne.fr/teledm/>"
Not Found: /favicon.ico
"GET /favicon.ico HTTP/1.1" 404 3336
"GET /climdata.u-bourgogne.fr/teledm/ HTTP/1.1" 200 8792
"GET /static/select2/dist/css/select2.min.css HTTP/1.1" 200 15196
"GET /static/teledm/css/form.css HTTP/1.1" 200 2271
"GET /static/bootstrap/dist/css/bootstrap.min.css HTTP/1.1" 200 121200
"GET /static/jquery/dist/jquery.js HTTP/1.1" 200 267194
"GET /static/teledm/css/base.css HTTP/1.1" 200 859
"GET /static/jquery-ui/jquery-ui.js HTTP/1.1" 200 520714
"GET /static/jquery.cookie/jquery.cookie.js HTTP/1.1" 200 3121
"GET /static/select2/dist/js/select2.js HTTP/1.1" 200 141934
"GET /static/bootstrap/dist/js/bootstrap.min.js HTTP/1.1" 200 37045
"GET /static/teledm/js/base.js HTTP/1.1" 200 14309
"GET /static/teledm/js/home.js HTTP/1.1" 200 364
"GET /static/moment/min/moment.min.js HTTP/1.1" 200 61317
"GET /static/teledm/images/cnrm.jpeg HTTP/1.1" 200 6949
"GET /static/teledm/images/image_en_tete.jpeg HTTP/1.1" 200 36924
"GET /static/teledm/images/ehesp.jpeg HTTP/1.1" 200 1833
"GET /static/teledm/images/crc.jpeg HTTP/1.1" 200 2522
"GET /static/teledm/images/cnrs.jpeg HTTP/1.1" 200 2330
"GET /static/teledm/images/institutPasteur.jpeg HTTP/1.1" 200 3518
"GET /static/teledm/images/ird.jpeg HTTP/1.1" 200 5127
"GET /static/teledm/images/ub.jpeg HTTP/1.1" 200 3992
"GET /static/teledm/images/uLille1.jpeg HTTP/1.1" 200 2347
"GET /static/teledm/images/ulg.jpeg HTTP/1.1" 200 1587
"GET /climdata.u-bourgogne.fr/Catalogues HTTP/1.1" 200 3857
"GET /static/portailCRC/css/home.css HTTP/1.1" 200 480
"GET /static/portailCRC/images/Logo_CRC_transparent.png HTTP/1.1" 200 13653
"GET /static/portailCRC/images/bandeau-labo4.jpg HTTP/1.1" 200 16156
"GET /static/portailCRC/images/logo_biogeo_72.jpg HTTP/1.1" 200 15505
(0.001) 
            SELECT name, type FROM sqlite_master
            WHERE type in ('table', 'view') AND NOT name='sqlite_sequence'
            ORDER BY name; args=None
(0.000) SELECT "django_migrations"."app", "django_migrations"."name" FROM "django_migrations"; args=()
(0.001) 
            SELECT name, type FROM sqlite_master
            WHERE type in ('table', 'view') AND NOT name='sqlite_sequence'
            ORDER BY name; args=None
(0.000) SELECT "django_migrations"."app", "django_migrations"."name" FROM "django_migrations"; args=()
[27/Jun/2017 13:32:52] DEBUG [django.db.backends:91] (0.002) 
            SELECT name, type FROM sqlite_master
            WHERE type in ('table', 'view') AND NOT name='sqlite_sequence'
            ORDER BY name; args=None
[27/Jun/2017 13:32:52] DEBUG [django.db.backends:91] (0.000) SELECT "django_migrations"."app", "django_migrations"."name" FROM "django_migrations"; args=()
[27/Jun/2017 13:32:57] INFO [django.server:124] "GET /climdata.u-bourgogne.fr/Catalogues HTTP/1.1" 200 3857
[27/Jun/2017 13:32:57] INFO [django.server:124] "GET /static/portailCRC/css/home.css HTTP/1.1" 200 480
[27/Jun/2017 13:32:57] INFO [django.server:124] "GET /static/portailCRC/images/Logo_CRC_transparent.png HTTP/1.1" 200 13653
[27/Jun/2017 13:32:57] INFO [django.server:124] "GET /static/portailCRC/images/bandeau-labo4.jpg HTTP/1.1" 200 16156
[27/Jun/2017 13:32:57] INFO [django.server:124] "GET /static/portailCRC/images/logo_biogeo_72.jpg HTTP/1.1" 200 15505
[27/Jun/2017 13:32:57] DEBUG [django.template:925] Exception while resolving variable 'name' in template 'unknown'.
Traceback (most recent call last):
  File "/home/mers/.local/lib/python2.7/site-packages/django/template/base.py", line 903, in _resolve_lookup
    (bit, current))  # missing attribute
VariableDoesNotExist: Failed lookup for key [name] in u'<RegexURLResolver <RegexURLPattern list> (admin:admin) ^admin/>'
[27/Jun/2017 13:32:57] DEBUG [django.template:925] Exception while resolving variable 'name' in template 'unknown'.
Traceback (most recent call last):
  File "/home/mers/.local/lib/python2.7/site-packages/django/template/base.py", line 903, in _resolve_lookup
    (bit, current))  # missing attribute
VariableDoesNotExist: Failed lookup for key [name] in u"<RegexURLResolver <module 'portailCRC.urls' from '/home/mers/dev/crc/portailCRC/urls.pyc'> (portailCRC:portailCRC) ^climdata.u-bourgogne.fr/Catalogues>"
[27/Jun/2017 13:32:57] DEBUG [django.template:925] Exception while resolving variable 'name' in template 'unknown'.
Traceback (most recent call last):
  File "/home/mers/.local/lib/python2.7/site-packages/django/template/base.py", line 903, in _resolve_lookup
    (bit, current))  # missing attribute
VariableDoesNotExist: Failed lookup for key [name] in u"<RegexURLResolver <module 'teledm.urls' from '/home/mers/dev/crc/teledm/urls.pyc'> (teledm:teledm) ^climdata.u-bourgogne.fr/teledm/>"
[27/Jun/2017 13:32:57] WARNING [django.request:152] Not Found: /favicon.ico
[27/Jun/2017 13:32:57] WARNING [django.server:124] "GET /favicon.ico HTTP/1.1" 404 3336
[27/Jun/2017 13:32:57] DEBUG [django.template:925] Exception while resolving variable 'name' in template 'unknown'.
Traceback (most recent call last):
  File "/home/mers/.local/lib/python2.7/site-packages/django/template/base.py", line 903, in _resolve_lookup
    (bit, current))  # missing attribute
VariableDoesNotExist: Failed lookup for key [name] in u'<RegexURLResolver <RegexURLPattern list> (admin:admin) ^admin/>'
[27/Jun/2017 13:32:57] DEBUG [django.template:925] Exception while resolving variable 'name' in template 'unknown'.
Traceback (most recent call last):
  File "/home/mers/.local/lib/python2.7/site-packages/django/template/base.py", line 903, in _resolve_lookup
    (bit, current))  # missing attribute
VariableDoesNotExist: Failed lookup for key [name] in u"<RegexURLResolver <module 'portailCRC.urls' from '/home/mers/dev/crc/portailCRC/urls.pyc'> (portailCRC:portailCRC) ^climdata.u-bourgogne.fr/Catalogues>"
[27/Jun/2017 13:32:57] DEBUG [django.template:925] Exception while resolving variable 'name' in template 'unknown'.
Traceback (most recent call last):
  File "/home/mers/.local/lib/python2.7/site-packages/django/template/base.py", line 903, in _resolve_lookup
    (bit, current))  # missing attribute
VariableDoesNotExist: Failed lookup for key [name] in u"<RegexURLResolver <module 'teledm.urls' from '/home/mers/dev/crc/teledm/urls.pyc'> (teledm:teledm) ^climdata.u-bourgogne.fr/teledm/>"
[27/Jun/2017 13:32:57] WARNING [django.request:152] Not Found: /favicon.ico
[27/Jun/2017 13:32:57] WARNING [django.server:124] "GET /favicon.ico HTTP/1.1" 404 3336
[27/Jun/2017 13:32:59] INFO [django.server:124] "GET /climdata.u-bourgogne.fr/teledm/ HTTP/1.1" 200 8792
[27/Jun/2017 13:32:59] INFO [django.server:124] "GET /static/bootstrap/dist/css/bootstrap.min.css HTTP/1.1" 200 121200
[27/Jun/2017 13:32:59] INFO [django.server:124] "GET /static/select2/dist/css/select2.min.css HTTP/1.1" 200 15196
[27/Jun/2017 13:32:59] INFO [django.server:124] "GET /static/teledm/css/form.css HTTP/1.1" 200 2271
[27/Jun/2017 13:32:59] INFO [django.server:124] "GET /static/teledm/css/base.css HTTP/1.1" 200 859
[27/Jun/2017 13:32:59] INFO [django.server:124] "GET /static/jquery-ui/jquery-ui.js HTTP/1.1" 200 520714
[27/Jun/2017 13:32:59] INFO [django.server:124] "GET /static/jquery/dist/jquery.js HTTP/1.1" 200 267194
[27/Jun/2017 13:32:59] INFO [django.server:124] "GET /static/jquery.cookie/jquery.cookie.js HTTP/1.1" 200 3121
[27/Jun/2017 13:32:59] INFO [django.server:124] "GET /static/moment/min/moment.min.js HTTP/1.1" 200 61317
[27/Jun/2017 13:32:59] INFO [django.server:124] "GET /static/bootstrap/dist/js/bootstrap.min.js HTTP/1.1" 200 37045
[27/Jun/2017 13:32:59] INFO [django.server:124] "GET /static/teledm/js/home.js HTTP/1.1" 200 364
[27/Jun/2017 13:32:59] INFO [django.server:124] "GET /static/teledm/js/base.js HTTP/1.1" 200 14309
[27/Jun/2017 13:32:59] INFO [django.server:124] "GET /static/select2/dist/js/select2.js HTTP/1.1" 200 141934
[27/Jun/2017 13:32:59] INFO [django.server:124] "GET /static/teledm/images/image_en_tete.jpeg HTTP/1.1" 200 36924
[27/Jun/2017 13:32:59] INFO [django.server:124] "GET /static/teledm/images/cnrm.jpeg HTTP/1.1" 200 6949
[27/Jun/2017 13:32:59] INFO [django.server:124] "GET /static/teledm/images/cnrs.jpeg HTTP/1.1" 200 2330
[27/Jun/2017 13:32:59] INFO [django.server:124] "GET /static/teledm/images/crc.jpeg HTTP/1.1" 200 2522
[27/Jun/2017 13:32:59] INFO [django.server:124] "GET /static/teledm/images/ehesp.jpeg HTTP/1.1" 200 1833
[27/Jun/2017 13:32:59] INFO [django.server:124] "GET /static/teledm/images/institutPasteur.jpeg HTTP/1.1" 200 3518
[27/Jun/2017 13:32:59] INFO [django.server:124] "GET /static/teledm/images/ird.jpeg HTTP/1.1" 200 5127
[27/Jun/2017 13:32:59] INFO [django.server:124] "GET /static/teledm/images/uLille1.jpeg HTTP/1.1" 200 2347
[27/Jun/2017 13:32:59] INFO [django.server:124] "GET /static/teledm/images/ulg.jpeg HTTP/1.1" 200 1587
[27/Jun/2017 13:32:59] INFO [django.server:124] "GET /static/teledm/images/ub.jpeg HTTP/1.1" 200 3992
[27/Jun/2017 13:33:00] DEBUG [teledm.views:119] Debug message!
[27/Jun/2017 13:33:00] INFO [teledm.views:120] Info message!
[27/Jun/2017 13:33:00] WARNING [teledm.views:121] Warning message!
[27/Jun/2017 13:33:00] ERROR [teledm.views:122] Error message!
[27/Jun/2017 13:33:00] CRITICAL [teledm.views:123] Critical message!
[27/Jun/2017 13:33:00] INFO [django.server:124] "GET /climdata.u-bourgogne.fr/teledm/mapViewer/ HTTP/1.1" 200 20383
[27/Jun/2017 13:33:01] INFO [django.server:124] "GET /static/teledm/css/mapViewer.css HTTP/1.1" 200 921
[27/Jun/2017 13:33:01] INFO [django.server:124] "GET /static/highcharts-export-csv/export-csv.js HTTP/1.1" 200 11927
[27/Jun/2017 13:33:01] INFO [django.server:124] "GET /static/respond/src/respond.js HTTP/1.1" 200 9754
[27/Jun/2017 13:33:01] INFO [django.server:124] "GET /static/html5shiv/dist/html5shiv-printshiv.js HTTP/1.1" 200 16268
[27/Jun/2017 13:33:01] INFO [django.server:124] "GET /static/teledm/js/mapViewer.js HTTP/1.1" 200 53704
[27/Jun/2017 13:33:01] INFO [django.server:124] "GET /static/bootstrap/dist/fonts/glyphicons-halflings-regular.woff2 HTTP/1.1" 200 18028
[27/Jun/2017 13:33:01] INFO [django.server:124] "GET /climdata.u-bourgogne.fr/teledm/proxyajax/catalogRefs/CatalogTELEDEM.xml HTTP/1.1" 200 1614
[27/Jun/2017 13:33:02] INFO [django.server:124] "GET /static/teledm/images/pan.png HTTP/1.1" 200 606
[27/Jun/2017 13:33:02] INFO [django.server:124] "GET /static/teledm/images/zoomIn.png HTTP/1.1" 200 975
[27/Jun/2017 13:33:02] INFO [django.server:124] "GET /static/teledm/images/info.png HTTP/1.1" 200 1010
[27/Jun/2017 13:33:02] INFO [django.server:124] "GET /climdata.u-bourgogne.fr/teledm/colorbar/wms/satellite/modis/MYD07/res009/MYD07_r009_d.nc?REQUEST=GetLegendGraphic&LAYER=Surface_Temperature&NUMCOLORBANDS=10&PALETTE=rainbow&COLORBARONLY=true HTTP/1.1" 200 285
[27/Jun/2017 13:34:02] INFO [django.server:124] "GET /climdata.u-bourgogne.fr/teledm/calval/ HTTP/1.1" 200 17415
[27/Jun/2017 13:34:02] INFO [django.server:124] "GET /static/highcharts-regression/highcharts-regression.js HTTP/1.1" 200 18756
[27/Jun/2017 13:34:02] INFO [django.server:124] "GET /static/teledm/js/localisation.js HTTP/1.1" 200 267
[27/Jun/2017 13:34:02] INFO [django.server:124] "GET /static/teledm/js/calvalForm.js HTTP/1.1" 200 29213
[27/Jun/2017 13:34:03] INFO [django.server:124] "GET /climdata.u-bourgogne.fr/teledm/proxyajax/catalogRefs/CatalogTELEDEM.xml HTTP/1.1" 200 1614
[27/Jun/2017 13:34:05] INFO [django.server:124] "GET /climdata.u-bourgogne.fr/teledm/proxyajax/catalog/satellite/catalog.xml HTTP/1.1" 200 1285
[27/Jun/2017 13:34:07] INFO [django.server:124] "GET /climdata.u-bourgogne.fr/teledm/proxyajax/catalog/satellite/modis/catalog.xml HTTP/1.1" 200 1311
[27/Jun/2017 13:34:09] INFO [django.server:124] "GET /climdata.u-bourgogne.fr/teledm/proxyajax/catalog/satellite/modis/MYD07/catalog.xml HTTP/1.1" 200 1353
[27/Jun/2017 13:34:11] INFO [django.server:124] "GET /climdata.u-bourgogne.fr/teledm/proxyajax/catalog/satellite/modis/MYD07/res025/catalog.xml HTTP/1.1" 200 1961
[27/Jun/2017 13:34:13] INFO [django.server:124] "GET /climdata.u-bourgogne.fr/teledm/dates/wms/satellite/modis/MYD07/res025/MYD07_r025_d.nc?service=WMS&version=1.3.0&request=GetCapabilities HTTP/1.1" 200 1682878
[27/Jun/2017 13:34:41] ERROR [django.request:135] Internal Server Error: /climdata.u-bourgogne.fr/teledm/calval/
Traceback (most recent call last):
  File "/home/mers/.local/lib/python2.7/site-packages/django/core/handlers/exception.py", line 41, in inner
    response = get_response(request)
  File "/home/mers/.local/lib/python2.7/site-packages/django/core/handlers/base.py", line 249, in _legacy_get_response
    response = self._get_response(request)
  File "/home/mers/.local/lib/python2.7/site-packages/django/core/handlers/base.py", line 187, in _get_response
    response = self.process_exception_by_middleware(e, request)
  File "/home/mers/.local/lib/python2.7/site-packages/django/core/handlers/base.py", line 185, in _get_response
    response = wrapped_callback(request, *callback_args, **callback_kwargs)
  File "/home/mers/dev/crc/teledm/views.py", line 197, in calval
    ulx = POST['ulx'][0]
IndexError: string index out of range
[27/Jun/2017 13:34:41] ERROR [django.server:124] "POST /climdata.u-bourgogne.fr/teledm/calval/ HTTP/1.1" 500 25021
[27/Jun/2017 13:38:57] DEBUG [django.db.backends:91] (0.001) 
            SELECT name, type FROM sqlite_master
            WHERE type in ('table', 'view') AND NOT name='sqlite_sequence'
            ORDER BY name; args=None
[27/Jun/2017 13:38:57] DEBUG [django.db.backends:91] (0.000) SELECT "django_migrations"."app", "django_migrations"."name" FROM "django_migrations"; args=()
[27/Jun/2017 13:39:23] INFO [django.server:124] "GET /climdata.u-bourgogne.fr/Catalogues HTTP/1.1" 200 3857
[27/Jun/2017 13:39:24] INFO [django.server:124] "GET /static/portailCRC/css/home.css HTTP/1.1" 200 480
[27/Jun/2017 13:39:24] INFO [django.server:124] "GET /static/portailCRC/images/logo_biogeo_72.jpg HTTP/1.1" 200 15505
[27/Jun/2017 13:39:24] INFO [django.server:124] "GET /static/portailCRC/images/Logo_CRC_transparent.png HTTP/1.1" 200 13653
[27/Jun/2017 13:39:24] INFO [django.server:124] "GET /static/portailCRC/images/bandeau-labo4.jpg HTTP/1.1" 200 16156
[27/Jun/2017 13:39:24] DEBUG [django.template:925] Exception while resolving variable 'name' in template 'unknown'.
Traceback (most recent call last):
  File "/home/mers/.local/lib/python2.7/site-packages/django/template/base.py", line 903, in _resolve_lookup
    (bit, current))  # missing attribute
VariableDoesNotExist: Failed lookup for key [name] in u'<RegexURLResolver <RegexURLPattern list> (admin:admin) ^admin/>'
[27/Jun/2017 13:39:24] DEBUG [django.template:925] Exception while resolving variable 'name' in template 'unknown'.
Traceback (most recent call last):
  File "/home/mers/.local/lib/python2.7/site-packages/django/template/base.py", line 903, in _resolve_lookup
    (bit, current))  # missing attribute
VariableDoesNotExist: Failed lookup for key [name] in u"<RegexURLResolver <module 'portailCRC.urls' from '/home/mers/dev/crc/portailCRC/urls.pyc'> (portailCRC:portailCRC) ^climdata.u-bourgogne.fr/Catalogues>"
[27/Jun/2017 13:39:24] DEBUG [django.template:925] Exception while resolving variable 'name' in template 'unknown'.
Traceback (most recent call last):
  File "/home/mers/.local/lib/python2.7/site-packages/django/template/base.py", line 903, in _resolve_lookup
    (bit, current))  # missing attribute
VariableDoesNotExist: Failed lookup for key [name] in u"<RegexURLResolver <module 'teledm.urls' from '/home/mers/dev/crc/teledm/urls.pyc'> (teledm:teledm) ^climdata.u-bourgogne.fr/teledm/>"
[27/Jun/2017 13:39:24] WARNING [django.request:152] Not Found: /favicon.ico
[27/Jun/2017 13:39:24] WARNING [django.server:124] "GET /favicon.ico HTTP/1.1" 404 3336
[27/Jun/2017 13:39:24] DEBUG [django.template:925] Exception while resolving variable 'name' in template 'unknown'.
Traceback (most recent call last):
  File "/home/mers/.local/lib/python2.7/site-packages/django/template/base.py", line 903, in _resolve_lookup
    (bit, current))  # missing attribute
VariableDoesNotExist: Failed lookup for key [name] in u'<RegexURLResolver <RegexURLPattern list> (admin:admin) ^admin/>'
[27/Jun/2017 13:39:24] DEBUG [django.template:925] Exception while resolving variable 'name' in template 'unknown'.
Traceback (most recent call last):
  File "/home/mers/.local/lib/python2.7/site-packages/django/template/base.py", line 903, in _resolve_lookup
    (bit, current))  # missing attribute
VariableDoesNotExist: Failed lookup for key [name] in u"<RegexURLResolver <module 'portailCRC.urls' from '/home/mers/dev/crc/portailCRC/urls.pyc'> (portailCRC:portailCRC) ^climdata.u-bourgogne.fr/Catalogues>"
[27/Jun/2017 13:39:24] DEBUG [django.template:925] Exception while resolving variable 'name' in template 'unknown'.
Traceback (most recent call last):
  File "/home/mers/.local/lib/python2.7/site-packages/django/template/base.py", line 903, in _resolve_lookup
    (bit, current))  # missing attribute
VariableDoesNotExist: Failed lookup for key [name] in u"<RegexURLResolver <module 'teledm.urls' from '/home/mers/dev/crc/teledm/urls.pyc'> (teledm:teledm) ^climdata.u-bourgogne.fr/teledm/>"
[27/Jun/2017 13:39:24] WARNING [django.request:152] Not Found: /favicon.ico
[27/Jun/2017 13:39:24] WARNING [django.server:124] "GET /favicon.ico HTTP/1.1" 404 3336
[27/Jun/2017 13:39:25] INFO [django.server:124] "GET /climdata.u-bourgogne.fr/teledm/ HTTP/1.1" 200 8792
[27/Jun/2017 13:39:25] INFO [django.server:124] "GET /static/teledm/css/form.css HTTP/1.1" 200 2271
[27/Jun/2017 13:39:25] INFO [django.server:124] "GET /static/teledm/css/base.css HTTP/1.1" 200 859
[27/Jun/2017 13:39:25] INFO [django.server:124] "GET /static/select2/dist/css/select2.min.css HTTP/1.1" 200 15196
[27/Jun/2017 13:39:25] INFO [django.server:124] "GET /static/bootstrap/dist/css/bootstrap.min.css HTTP/1.1" 200 121200
[27/Jun/2017 13:39:25] INFO [django.server:124] "GET /static/jquery-ui/jquery-ui.js HTTP/1.1" 200 520714
[27/Jun/2017 13:39:25] INFO [django.server:124] "GET /static/select2/dist/js/select2.js HTTP/1.1" 200 141934
[27/Jun/2017 13:39:25] INFO [django.server:124] "GET /static/jquery.cookie/jquery.cookie.js HTTP/1.1" 200 3121
[27/Jun/2017 13:39:25] INFO [django.server:124] "GET /static/moment/min/moment.min.js HTTP/1.1" 200 61317
[27/Jun/2017 13:39:25] INFO [django.server:124] "GET /static/bootstrap/dist/js/bootstrap.min.js HTTP/1.1" 200 37045
[27/Jun/2017 13:39:25] INFO [django.server:124] "GET /static/jquery/dist/jquery.js HTTP/1.1" 200 267194
[27/Jun/2017 13:39:25] INFO [django.server:124] "GET /static/teledm/js/home.js HTTP/1.1" 200 364
[27/Jun/2017 13:39:25] INFO [django.server:124] "GET /static/teledm/js/base.js HTTP/1.1" 200 14309
[27/Jun/2017 13:39:25] INFO [django.server:124] "GET /static/teledm/images/image_en_tete.jpeg HTTP/1.1" 200 36924
[27/Jun/2017 13:39:25] INFO [django.server:124] "GET /static/teledm/images/cnrm.jpeg HTTP/1.1" 200 6949
[27/Jun/2017 13:39:25] INFO [django.server:124] "GET /static/teledm/images/cnrs.jpeg HTTP/1.1" 200 2330
[27/Jun/2017 13:39:25] INFO [django.server:124] "GET /static/teledm/images/crc.jpeg HTTP/1.1" 200 2522
[27/Jun/2017 13:39:25] INFO [django.server:124] "GET /static/teledm/images/ehesp.jpeg HTTP/1.1" 200 1833
[27/Jun/2017 13:39:25] INFO [django.server:124] "GET /static/teledm/images/institutPasteur.jpeg HTTP/1.1" 200 3518
[27/Jun/2017 13:39:25] INFO [django.server:124] "GET /static/teledm/images/ird.jpeg HTTP/1.1" 200 5127
[27/Jun/2017 13:39:25] INFO [django.server:124] "GET /static/teledm/images/ub.jpeg HTTP/1.1" 200 3992
[27/Jun/2017 13:39:25] INFO [django.server:124] "GET /static/teledm/images/ulg.jpeg HTTP/1.1" 200 1587
[27/Jun/2017 13:39:25] INFO [django.server:124] "GET /static/teledm/images/uLille1.jpeg HTTP/1.1" 200 2347
[27/Jun/2017 13:39:28] DEBUG [teledm.views:119] Debug message!
[27/Jun/2017 13:39:28] INFO [teledm.views:120] Info message!
[27/Jun/2017 13:39:28] WARNING [teledm.views:121] Warning message!
[27/Jun/2017 13:39:28] ERROR [teledm.views:122] Error message!
[27/Jun/2017 13:39:28] CRITICAL [teledm.views:123] Critical message!
[27/Jun/2017 13:39:28] INFO [django.server:124] "GET /climdata.u-bourgogne.fr/teledm/mapViewer/ HTTP/1.1" 200 20383
[27/Jun/2017 13:39:28] INFO [django.server:124] "GET /static/teledm/css/mapViewer.css HTTP/1.1" 200 921
[27/Jun/2017 13:39:28] INFO [django.server:124] "GET /static/respond/src/respond.js HTTP/1.1" 200 9754
[27/Jun/2017 13:39:28] INFO [django.server:124] "GET /static/highcharts-export-csv/export-csv.js HTTP/1.1" 200 11927
[27/Jun/2017 13:39:28] INFO [django.server:124] "GET /static/teledm/js/mapViewer.js HTTP/1.1" 200 53704
[27/Jun/2017 13:39:28] INFO [django.server:124] "GET /static/html5shiv/dist/html5shiv-printshiv.js HTTP/1.1" 200 16268
[27/Jun/2017 13:39:28] INFO [django.server:124] "GET /static/bootstrap/dist/fonts/glyphicons-halflings-regular.woff2 HTTP/1.1" 200 18028
[27/Jun/2017 13:39:29] INFO [django.server:124] "GET /climdata.u-bourgogne.fr/teledm/proxyajax/catalogRefs/CatalogTELEDEM.xml HTTP/1.1" 200 1614
[27/Jun/2017 13:39:29] INFO [django.server:124] "GET /static/teledm/images/zoomIn.png HTTP/1.1" 200 975
[27/Jun/2017 13:39:29] INFO [django.server:124] "GET /static/teledm/images/pan.png HTTP/1.1" 200 606
[27/Jun/2017 13:39:29] INFO [django.server:124] "GET /static/teledm/images/info.png HTTP/1.1" 200 1010
[27/Jun/2017 13:39:29] INFO [django.server:124] "GET /climdata.u-bourgogne.fr/teledm/colorbar/wms/satellite/modis/MYD07/res009/MYD07_r009_d.nc?REQUEST=GetLegendGraphic&LAYER=Surface_Temperature&NUMCOLORBANDS=10&PALETTE=rainbow&COLORBARONLY=true HTTP/1.1" 200 285
[27/Jun/2017 13:40:59] INFO [django.server:124] "GET /climdata.u-bourgogne.fr/Catalogues HTTP/1.1" 200 3857
[27/Jun/2017 13:40:59] INFO [django.server:124] "GET /static/portailCRC/css/home.css HTTP/1.1" 200 480
[27/Jun/2017 13:40:59] INFO [django.server:124] "GET /static/portailCRC/images/Logo_CRC_transparent.png HTTP/1.1" 200 13653
[27/Jun/2017 13:40:59] INFO [django.server:124] "GET /static/portailCRC/images/logo_biogeo_72.jpg HTTP/1.1" 200 15505
[27/Jun/2017 13:40:59] INFO [django.server:124] "GET /static/portailCRC/images/bandeau-labo4.jpg HTTP/1.1" 200 16156
[27/Jun/2017 14:02:07] DEBUG [teledm.views:119] Debug message!
[27/Jun/2017 14:02:07] INFO [teledm.views:120] Info message!
[27/Jun/2017 14:02:07] WARNING [teledm.views:121] Warning message!
[27/Jun/2017 14:02:07] ERROR [teledm.views:122] Error message!
[27/Jun/2017 14:02:07] CRITICAL [teledm.views:123] Critical message!
